2022.04.09 13:39:21 INFO  tracing is disabled for protocol LSP, to enable tracing of incoming and outgoing JSON messages create an empty file at /home/almas/Videos/fpu_rv32/.metals/lsp.trace.json or /home/almas/.cache/metals/lsp.trace.json[0m
2022.04.09 13:39:23 INFO  logging to file /home/almas/Videos/fpu_rv32/.metals/metals.log[0m
2022.04.09 13:39:23 INFO  Started: Metals version 0.11.2 in workspace '/home/almas/Videos/fpu_rv32' for client Visual Studio Code 1.60.0.[0m
2022.04.09 13:39:23 INFO  Parse release: 11.0.14.1[0m
2022.04.09 13:39:27 INFO  time: initialize in 4.88s[0m
2022.04.09 13:39:29 WARN  Build server is not auto-connectable.[0m
2022.04.09 13:40:14 WARN  no build target for: /home/almas/Videos/fpu_rv32/src/main/scala/NFALU.scala[0m
2022.04.09 13:40:18 INFO  no build target found for /home/almas/Videos/fpu_rv32/src/main/scala/NFALU.scala. Using presentation compiler with project's scala-library version: 3.1.1[0m
2022.04.09 13:40:21 INFO  time: code lens generation in 5.68s[0m
2022.04.09 13:54:50 WARN  no build target for: /home/almas/Videos/fpu_rv32/src/test/scala/NFALUTest.scala[0m
Apr 09, 2022 1:54:56 PM org.eclipse.lsp4j.jsonrpc.RemoteEndpoint handleCancellation
WARNING: Unmatched cancel notification for request id 48
Apr 09, 2022 1:55:28 PM org.eclipse.lsp4j.jsonrpc.RemoteEndpoint handleCancellation
WARNING: Unmatched cancel notification for request id 69
2022.04.09 13:57:24 WARN  no build target for: /home/almas/Videos/fpu_rv32/src/test/scala/FALUTest.scala[0m
Apr 09, 2022 1:57:25 PM org.eclipse.lsp4j.jsonrpc.RemoteEndpoint handleCancellation
WARNING: Unmatched cancel notification for request id 174
2022.04.09 13:57:25 WARN  no build target for: /home/almas/Videos/fpu_rv32/src/test/scala/NFALUTest.scala[0m
Apr 09, 2022 1:58:47 PM org.eclipse.lsp4j.jsonrpc.RemoteEndpoint handleCancellation
WARNING: Unmatched cancel notification for request id 180
2022.04.09 13:58:47 WARN  no build target for: /home/almas/Videos/fpu_rv32/src/test/scala/FALUTest.scala[0m
Apr 09, 2022 1:58:52 PM org.eclipse.lsp4j.jsonrpc.RemoteEndpoint handleCancellation
WARNING: Unmatched cancel notification for request id 185
2022.04.09 14:11:37 WARN  no build target for: /home/almas/Videos/fpu_rv32/src/main/scala/NFALU.scala[0m
Apr 09, 2022 2:17:45 PM org.eclipse.lsp4j.jsonrpc.RemoteEndpoint handleCancellation
WARNING: Unmatched cancel notification for request id 834
Apr 09, 2022 2:17:50 PM org.eclipse.lsp4j.jsonrpc.RemoteEndpoint handleCancellation
WARNING: Unmatched cancel notification for request id 844
2022.04.09 14:17:52 WARN  no build target for: /home/almas/Videos/fpu_rv32/src/test/scala/NFALUTest.scala[0m
2022.04.09 14:17:55 WARN  no build target for: /home/almas/Videos/fpu_rv32/src/test/scala/ADD_00_case.scala[0m
Apr 09, 2022 2:17:58 PM org.eclipse.lsp4j.jsonrpc.RemoteEndpoint handleCancellation
WARNING: Unmatched cancel notification for request id 859
2022.04.09 14:17:58 WARN  no build target for: /home/almas/Videos/fpu_rv32/src/test/scala/NFALUTest.scala[0m
2022.04.09 14:18:07 WARN  no build target for: /home/almas/Videos/fpu_rv32/src/test/scala/ADD_00_case.scala[0m
2022.04.09 14:18:18 WARN  no build target for: /home/almas/Videos/fpu_rv32/src/test/scala/NFALUTest.scala[0m
2022.04.09 14:19:38 WARN  no build target for: /home/almas/Videos/fpu_rv32/src/test/scala/NFALUTest.scala[0m
Apr 09, 2022 2:19:39 PM org.eclipse.lsp4j.jsonrpc.RemoteEndpoint handleCancellation
WARNING: Unmatched cancel notification for request id 963
2022.04.09 14:19:41 WARN  no build target for: /home/almas/Videos/fpu_rv32/src/main/scala/NFALU.scala[0m
2022.04.09 14:19:53 WARN  no build target for: /home/almas/Videos/fpu_rv32/src/main/scala/NFALU.scala[0m
Apr 09, 2022 2:23:00 PM org.eclipse.lsp4j.jsonrpc.RemoteEndpoint handleCancellation
WARNING: Unmatched cancel notification for request id 1044
2022.04.09 14:23:16 WARN  no build target for: /home/almas/Videos/fpu_rv32/src/main/scala/NFALU.scala[0m
2022.04.09 14:23:57 WARN  no build target for: /home/almas/Videos/fpu_rv32/src/main/scala/NFALU.scala[0m
2022.04.09 14:24:42 WARN  no build target for: /home/almas/Videos/fpu_rv32/src/main/scala/NFALU.scala[0m
2022.04.09 14:28:07 WARN  no build target for: /home/almas/Videos/fpu_rv32/src/main/scala/NFALU.scala[0m
2022.04.09 14:38:16 WARN  no build target for: /home/almas/Videos/fpu_rv32/src/test/scala/NFALUTest.scala[0m
Apr 09, 2022 2:38:19 PM org.eclipse.lsp4j.jsonrpc.RemoteEndpoint handleCancellation
WARNING: Unmatched cancel notification for request id 1172
2022.04.09 14:38:28 WARN  no build target for: /home/almas/Videos/fpu_rv32/src/main/scala/NFALU.scala[0m
2022.04.09 14:41:22 WARN  no build target for: /home/almas/Videos/fpu_rv32/src/main/scala/NFALU.scala[0m
2022.04.09 14:45:55 WARN  no build target for: /home/almas/Videos/fpu_rv32/src/main/scala/NFALU.scala[0m
2022.04.09 14:51:28 WARN  no build target for: /home/almas/Videos/fpu_rv32/src/main/scala/NFALU.scala[0m
2022.04.09 14:53:49 WARN  no build target for: /home/almas/Videos/fpu_rv32/src/main/scala/NFALU.scala[0m
2022.04.09 14:55:22 WARN  no build target for: /home/almas/Videos/fpu_rv32/src/main/scala/NFALU.scala[0m
2022.04.09 14:55:25 WARN  no build target for: /home/almas/Videos/fpu_rv32/src/main/scala/NFALU.scala[0m
2022.04.09 14:56:01 WARN  no build target for: /home/almas/Videos/fpu_rv32/src/main/scala/NFALU.scala[0m
2022.04.09 14:56:06 WARN  no build target for: /home/almas/Videos/fpu_rv32/src/main/scala/NFALU.scala[0m
2022.04.09 15:17:19 WARN  no build target for: /home/almas/Videos/fpu_rv32/src/main/scala/NFALU.scala[0m
2022.04.09 15:18:09 WARN  no build target for: /home/almas/Videos/fpu_rv32/src/main/scala/NFALU.scala[0m
2022.04.09 15:19:15 WARN  no build target for: /home/almas/Videos/fpu_rv32/src/main/scala/NFALU.scala[0m
2022.04.09 15:19:24 INFO  shutting down Metals[0m
2022.04.09 15:19:24 ERROR Unexpected error initializing server
org.eclipse.lsp4j.jsonrpc.ResponseErrorException: Request window/showMessageRequest failed with message: Canceled
	at org.eclipse.lsp4j.jsonrpc.RemoteEndpoint.handleResponse(RemoteEndpoint.java:209)
	at org.eclipse.lsp4j.jsonrpc.RemoteEndpoint.consume(RemoteEndpoint.java:193)
	at org.eclipse.lsp4j.jsonrpc.json.StreamMessageProducer.handleMessage(StreamMessageProducer.java:194)
	at org.eclipse.lsp4j.jsonrpc.json.StreamMessageProducer.listen(StreamMessageProducer.java:94)
	at org.eclipse.lsp4j.jsonrpc.json.ConcurrentMessageProcessor.run(ConcurrentMessageProcessor.java:113)
	at java.util.concurrent.Executors$RunnableAdapter.call(Executors.java:515)
	at java.util.concurrent.FutureTask.run(FutureTask.java:264)
	at java.util.concurrent.ThreadPoolExecutor.runWorker(ThreadPoolExecutor.java:1128)
	at java.util.concurrent.ThreadPoolExecutor$Worker.run(ThreadPoolExecutor.java:628)
	at java.lang.Thread.run(Thread.java:829)
[0m
2022.04.09 15:40:01 INFO  tracing is disabled for protocol LSP, to enable tracing of incoming and outgoing JSON messages create an empty file at /home/almas/Videos/fpu_rv32/.metals/lsp.trace.json or /home/almas/.cache/metals/lsp.trace.json[0m
2022.04.09 15:40:02 INFO  logging to file /home/almas/Videos/fpu_rv32/.metals/metals.log[0m
2022.04.09 15:40:02 INFO  Started: Metals version 0.11.2 in workspace '/home/almas/Videos/fpu_rv32' for client Visual Studio Code 1.60.0.[0m
2022.04.09 15:40:02 INFO  Parse release: 11.0.14.1[0m
2022.04.09 15:40:06 INFO  time: initialize in 4.09s[0m
2022.04.09 15:40:07 WARN  Build server is not auto-connectable.[0m
2022.04.09 15:40:08 INFO  skipping build import with status 'Requested'[0m
2022.04.09 15:40:09 WARN  no build target for: /home/almas/Videos/fpu_rv32/src/main/scala/NFALU.scala[0m
2022.04.09 15:40:14 INFO  no build target found for /home/almas/Videos/fpu_rv32/src/main/scala/NFALU.scala. Using presentation compiler with project's scala-library version: 3.1.1[0m
2022.04.09 15:40:19 INFO  time: code lens generation in 9.63s[0m
2022.04.09 15:47:30 WARN  no build target for: /home/almas/Videos/fpu_rv32/src/test/scala/NFALUTest.scala[0m
Apr 09, 2022 3:47:30 PM org.eclipse.lsp4j.jsonrpc.RemoteEndpoint handleCancellation
WARNING: Unmatched cancel notification for request id 5
2022.04.09 15:48:09 WARN  no build target for: /home/almas/Videos/fpu_rv32/src/test/scala/NFALUTest.scala[0m
2022.04.09 15:49:12 WARN  no build target for: /home/almas/Videos/fpu_rv32/src/test/scala/NFALUTest.scala[0m
2022.04.09 15:49:34 WARN  no build target for: /home/almas/Videos/fpu_rv32/src/test/scala/NFALUTest.scala[0m
Apr 09, 2022 3:50:26 PM org.eclipse.lsp4j.jsonrpc.RemoteEndpoint handleCancellation
WARNING: Unmatched cancel notification for request id 319
Apr 09, 2022 3:55:41 PM org.eclipse.lsp4j.jsonrpc.RemoteEndpoint handleCancellation
WARNING: Unmatched cancel notification for request id 358
2022.04.09 15:55:46 WARN  no build target for: /home/almas/Videos/fpu_rv32/src/test/scala/NFALUTest.scala[0m
2022.04.09 15:55:51 WARN  no build target for: /home/almas/Videos/fpu_rv32/src/test/scala/NFALUTest.scala[0m
2022.04.09 16:00:29 WARN  no build target for: /home/almas/Videos/fpu_rv32/src/main/scala/NFALU.scala[0m
2022.04.09 16:00:39 WARN  no build target for: /home/almas/Videos/fpu_rv32/src/main/scala/NFALU.scala[0m
2022.04.09 16:01:30 WARN  no build target for: /home/almas/Videos/fpu_rv32/src/main/scala/NFALU.scala[0m
Apr 09, 2022 4:41:09 PM org.eclipse.lsp4j.jsonrpc.RemoteEndpoint handleCancellation
WARNING: Unmatched cancel notification for request id 484
2022.04.09 16:42:09 WARN  no build target for: /home/almas/Videos/fpu_rv32/src/test/scala/NFALUTest.scala[0m
Apr 09, 2022 4:42:48 PM org.eclipse.lsp4j.jsonrpc.RemoteEndpoint handleCancellation
WARNING: Unmatched cancel notification for request id 569
Apr 09, 2022 4:49:24 PM org.eclipse.lsp4j.jsonrpc.RemoteEndpoint handleCancellation
WARNING: Unmatched cancel notification for request id 593
2022.04.09 16:50:17 WARN  no build target for: /home/almas/Videos/fpu_rv32/src/test/scala/NFALUTest.scala[0m
2022.04.09 16:50:22 WARN  no build target for: /home/almas/Videos/fpu_rv32/src/test/scala/NFALUTest.scala[0m
2022.04.09 16:50:36 WARN  no build target for: /home/almas/Videos/fpu_rv32/src/test/scala/NFALUTest.scala[0m
2022.04.09 16:52:31 WARN  no build target for: /home/almas/Videos/fpu_rv32/src/test/scala/NFALUTest.scala[0m
2022.04.09 16:53:52 WARN  no build target for: /home/almas/Videos/fpu_rv32/src/test/scala/NFALUTest.scala[0m
2022.04.09 16:57:13 WARN  no build target for: /home/almas/Videos/fpu_rv32/src/test/scala/NFALUTest.scala[0m
Apr 09, 2022 5:22:59 PM org.eclipse.lsp4j.jsonrpc.RemoteEndpoint handleCancellation
WARNING: Unmatched cancel notification for request id 872
Apr 09, 2022 5:33:58 PM org.eclipse.lsp4j.jsonrpc.RemoteEndpoint handleCancellation
WARNING: Unmatched cancel notification for request id 884
2022.04.09 17:34:27 WARN  no build target for: /home/almas/Videos/fpu_rv32/src/test/scala/NFALUTest.scala[0m
2022.04.09 17:35:34 WARN  no build target for: /home/almas/Videos/fpu_rv32/src/test/scala/NFALUTest.scala[0m
2022.04.09 17:37:36 WARN  no build target for: /home/almas/Videos/fpu_rv32/src/test/scala/NFALUTest.scala[0m
Apr 09, 2022 5:38:59 PM org.eclipse.lsp4j.jsonrpc.RemoteEndpoint handleCancellation
WARNING: Unmatched cancel notification for request id 1095
2022.04.09 17:45:31 WARN  no build target for: /home/almas/Videos/fpu_rv32/src/main/scala/NFALU.scala[0m
2022.04.09 17:45:49 WARN  no build target for: /home/almas/Videos/fpu_rv32/src/main/scala/NFALU.scala[0m
2022.04.09 17:45:50 WARN  no build target for: /home/almas/Videos/fpu_rv32/src/main/scala/NFALU.scala[0m
2022.04.09 17:46:06 WARN  no build target for: /home/almas/Videos/fpu_rv32/src/main/scala/NFALU.scala[0m
2022.04.09 17:57:26 WARN  no build target for: /home/almas/Videos/fpu_rv32/src/main/scala/NFALU.scala[0m
Apr 09, 2022 5:57:51 PM org.eclipse.lsp4j.jsonrpc.RemoteEndpoint handleCancellation
WARNING: Unmatched cancel notification for request id 1754
2022.04.09 17:58:23 WARN  no build target for: /home/almas/Videos/fpu_rv32/src/test/scala/NFALUTest.scala[0m
2022.04.09 17:59:07 WARN  no build target for: /home/almas/Videos/fpu_rv32/src/test/scala/NFALUTest.scala[0m
2022.04.09 17:59:27 WARN  no build target for: /home/almas/Videos/fpu_rv32/src/test/scala/NFALUTest.scala[0m
Apr 09, 2022 6:00:40 PM org.eclipse.lsp4j.jsonrpc.RemoteEndpoint handleCancellation
WARNING: Unmatched cancel notification for request id 1842
2022.04.09 18:03:18 WARN  no build target for: /home/almas/Videos/fpu_rv32/src/main/scala/NFALU.scala[0m
2022.04.09 18:04:20 WARN  no build target for: /home/almas/Videos/fpu_rv32/src/main/scala/NFALU.scala[0m
2022.04.09 18:06:10 WARN  no build target for: /home/almas/Videos/fpu_rv32/src/test/scala/NFALUTest.scala[0m
Apr 09, 2022 6:08:45 PM org.eclipse.lsp4j.jsonrpc.RemoteEndpoint handleCancellation
WARNING: Unmatched cancel notification for request id 2131
2022.04.09 18:09:48 WARN  no build target for: /home/almas/Videos/fpu_rv32/src/main/scala/NFALU.scala[0m
Apr 09, 2022 6:09:51 PM org.eclipse.lsp4j.jsonrpc.RemoteEndpoint handleCancellation
WARNING: Unmatched cancel notification for request id 2179
Apr 09, 2022 6:09:53 PM org.eclipse.lsp4j.jsonrpc.RemoteEndpoint handleCancellation
WARNING: Unmatched cancel notification for request id 2184
Apr 09, 2022 6:10:17 PM org.eclipse.lsp4j.jsonrpc.RemoteEndpoint handleCancellation
WARNING: Unmatched cancel notification for request id 2191
2022.04.09 18:11:04 WARN  no build target for: /home/almas/Videos/fpu_rv32/src/test/scala/NFALUTest.scala[0m
2022.04.09 18:11:31 WARN  no build target for: /home/almas/Videos/fpu_rv32/src/test/scala/NFALUTest.scala[0m
Apr 09, 2022 7:48:59 PM org.eclipse.lsp4j.jsonrpc.RemoteEndpoint handleCancellation
WARNING: Unmatched cancel notification for request id 2270
Apr 09, 2022 8:03:17 PM org.eclipse.lsp4j.jsonrpc.RemoteEndpoint handleCancellation
WARNING: Unmatched cancel notification for request id 2282
2022.04.09 20:05:55 WARN  no build target for: /home/almas/Videos/fpu_rv32/src/main/scala/NFALU.scala[0m
Apr 09, 2022 8:06:00 PM org.eclipse.lsp4j.jsonrpc.RemoteEndpoint handleCancellation
WARNING: Unmatched cancel notification for request id 2456
2022.04.09 20:06:25 WARN  no build target for: /home/almas/Videos/fpu_rv32/src/main/scala/NFALU.scala[0m
2022.04.09 20:10:00 WARN  no build target for: /home/almas/Videos/fpu_rv32/src/test/scala/NFALUTest.scala[0m
2022.04.09 20:11:18 WARN  no build target for: /home/almas/Videos/fpu_rv32/src/test/scala/NFALUTest.scala[0m
Apr 09, 2022 8:26:08 PM org.eclipse.lsp4j.jsonrpc.RemoteEndpoint handleCancellation
WARNING: Unmatched cancel notification for request id 2589
2022.04.09 20:26:34 WARN  no build target for: /home/almas/Videos/fpu_rv32/src/main/scala/NFALU.scala[0m
Apr 09, 2022 8:27:03 PM org.eclipse.lsp4j.jsonrpc.RemoteEndpoint handleCancellation
WARNING: Unmatched cancel notification for request id 2613
2022.04.09 20:28:11 WARN  no build target for: /home/almas/Videos/fpu_rv32/src/test/scala/NFALUTest.scala[0m
2022.04.09 20:29:18 WARN  no build target for: /home/almas/Videos/fpu_rv32/src/test/scala/NFALUTest.scala[0m
Apr 09, 2022 8:29:19 PM org.eclipse.lsp4j.jsonrpc.RemoteEndpoint handleCancellation
WARNING: Unmatched cancel notification for request id 2745
2022.04.09 20:29:20 WARN  no build target for: /home/almas/Videos/fpu_rv32/src/main/scala/NFALU.scala[0m
2022.04.09 20:29:23 WARN  no build target for: /home/almas/Videos/fpu_rv32/src/main/scala/NFALU.scala[0m
2022.04.09 20:31:50 WARN  no build target for: /home/almas/Videos/fpu_rv32/src/main/scala/NFALU.scala[0m
2022.04.09 20:32:30 WARN  no build target for: /home/almas/Videos/fpu_rv32/src/main/scala/NFALU.scala[0m
Apr 09, 2022 8:32:31 PM org.eclipse.lsp4j.jsonrpc.RemoteEndpoint handleCancellation
WARNING: Unmatched cancel notification for request id 2848
2022.04.09 20:33:13 WARN  no build target for: /home/almas/Videos/fpu_rv32/src/test/scala/NFALUTest.scala[0m
Apr 09, 2022 8:33:46 PM org.eclipse.lsp4j.jsonrpc.RemoteEndpoint handleCancellation
WARNING: Unmatched cancel notification for request id 2924
2022.04.09 20:38:12 WARN  no build target for: /home/almas/Videos/fpu_rv32/src/main/scala/NFALU.scala[0m
Apr 09, 2022 8:38:43 PM org.eclipse.lsp4j.jsonrpc.RemoteEndpoint handleCancellation
WARNING: Unmatched cancel notification for request id 2962
2022.04.09 20:38:59 WARN  no build target for: /home/almas/Videos/fpu_rv32/src/test/scala/NFALUTest.scala[0m
2022.04.09 20:39:39 WARN  no build target for: /home/almas/Videos/fpu_rv32/src/test/scala/NFALUTest.scala[0m
2022.04.09 20:40:43 WARN  no build target for: /home/almas/Videos/fpu_rv32/src/test/scala/NFALUTest.scala[0m
2022.04.09 20:42:22 WARN  no build target for: /home/almas/Videos/fpu_rv32/src/test/scala/NFALUTest.scala[0m
2022.04.09 20:50:24 WARN  no build target for: /home/almas/Videos/fpu_rv32/src/test/scala/NFALUTest.scala[0m
Apr 09, 2022 8:50:43 PM org.eclipse.lsp4j.jsonrpc.RemoteEndpoint handleCancellation
WARNING: Unmatched cancel notification for request id 3224
Apr 09, 2022 8:54:46 PM org.eclipse.lsp4j.jsonrpc.RemoteEndpoint handleCancellation
WARNING: Unmatched cancel notification for request id 3231
2022.04.09 20:55:04 WARN  no build target for: /home/almas/Videos/fpu_rv32/src/test/scala/NFALUTest.scala[0m
2022.04.09 20:55:29 WARN  no build target for: /home/almas/Videos/fpu_rv32/src/test/scala/NFALUTest.scala[0m
Apr 09, 2022 9:24:53 PM org.eclipse.lsp4j.jsonrpc.RemoteEndpoint handleCancellation
WARNING: Unmatched cancel notification for request id 3358
2022.04.09 21:26:47 WARN  no build target for: /home/almas/Videos/fpu_rv32/src/test/scala/NFALUTest.scala[0m
Apr 09, 2022 9:26:59 PM org.eclipse.lsp4j.jsonrpc.RemoteEndpoint handleCancellation
WARNING: Unmatched cancel notification for request id 3510
Apr 09, 2022 9:37:28 PM org.eclipse.lsp4j.jsonrpc.RemoteEndpoint handleCancellation
WARNING: Unmatched cancel notification for request id 3525
2022.04.09 21:40:54 WARN  no build target for: /home/almas/Videos/fpu_rv32/src/main/scala/NFALU.scala[0m
2022.04.09 21:41:49 WARN  no build target for: /home/almas/Videos/fpu_rv32/src/main/scala/NFALU.scala[0m
2022.04.09 21:49:10 WARN  no build target for: /home/almas/Videos/fpu_rv32/src/main/scala/NFALU.scala[0m
2022.04.09 21:49:50 WARN  no build target for: /home/almas/Videos/fpu_rv32/src/test/scala/NFALUTest.scala[0m
2022.04.09 21:51:14 WARN  no build target for: /home/almas/Videos/fpu_rv32/src/test/scala/NFALUTest.scala[0m
2022.04.09 21:51:31 WARN  no build target for: /home/almas/Videos/fpu_rv32/src/test/scala/NFALUTest.scala[0m
2022.04.09 21:51:46 WARN  no build target for: /home/almas/Videos/fpu_rv32/src/test/scala/NFALUTest.scala[0m
2022.04.09 21:52:09 WARN  no build target for: /home/almas/Videos/fpu_rv32/src/test/scala/NFALUTest.scala[0m
Apr 09, 2022 9:52:23 PM org.eclipse.lsp4j.jsonrpc.RemoteEndpoint handleCancellation
WARNING: Unmatched cancel notification for request id 4112
2022.04.09 21:52:24 WARN  no build target for: /home/almas/Videos/fpu_rv32/src/main/scala/NFALU.scala[0m
2022.04.09 21:52:36 WARN  no build target for: /home/almas/Videos/fpu_rv32/src/main/scala/NFALU.scala[0m
Apr 09, 2022 9:52:37 PM org.eclipse.lsp4j.jsonrpc.RemoteEndpoint handleCancellation
WARNING: Unmatched cancel notification for request id 4124
2022.04.09 21:52:38 WARN  no build target for: /home/almas/Videos/fpu_rv32/src/test/scala/NFALUTest.scala[0m
2022.04.09 21:52:44 WARN  no build target for: /home/almas/Videos/fpu_rv32/src/test/scala/NFALUTest.scala[0m
Apr 09, 2022 9:52:46 PM org.eclipse.lsp4j.jsonrpc.RemoteEndpoint handleCancellation
WARNING: Unmatched cancel notification for request id 4131
2022.04.09 21:52:47 WARN  no build target for: /home/almas/Videos/fpu_rv32/src/main/scala/NFALU.scala[0m
2022.04.09 21:53:18 INFO  shutting down Metals[0m
2022.04.09 22:22:33 INFO  tracing is disabled for protocol LSP, to enable tracing of incoming and outgoing JSON messages create an empty file at /home/almas/Videos/fpu_rv32/.metals/lsp.trace.json or /home/almas/.cache/metals/lsp.trace.json[0m
2022.04.09 22:22:35 INFO  logging to file /home/almas/Videos/fpu_rv32/.metals/metals.log[0m
2022.04.09 22:22:35 INFO  Started: Metals version 0.11.2 in workspace '/home/almas/Videos/fpu_rv32' for client Visual Studio Code 1.60.0.[0m
2022.04.09 22:22:35 INFO  Parse release: 11.0.14.1[0m
2022.04.09 22:22:40 INFO  time: initialize in 5.62s[0m
2022.04.09 22:22:41 WARN  Build server is not auto-connectable.[0m
2022.04.09 22:22:42 INFO  skipping build import with status 'Requested'[0m
2022.04.09 22:22:43 WARN  no build target for: /home/almas/Videos/fpu_rv32/src/main/scala/NFALU.scala[0m
2022.04.09 22:22:48 INFO  no build target found for /home/almas/Videos/fpu_rv32/src/main/scala/NFALU.scala. Using presentation compiler with project's scala-library version: 3.1.1[0m
2022.04.09 22:22:53 INFO  time: code lens generation in 8.37s[0m
2022.04.09 22:25:45 WARN  no build target for: /home/almas/Videos/fpu_rv32/src/test/scala/NFALUTest.scala[0m
2022.04.09 22:27:06 WARN  no build target for: /home/almas/Videos/fpu_rv32/src/test/scala/NFALUTest.scala[0m
2022.04.09 22:31:19 WARN  no build target for: /home/almas/Videos/fpu_rv32/src/test/scala/NFALUTest.scala[0m
2022.04.09 22:37:04 WARN  no build target for: /home/almas/Videos/fpu_rv32/src/test/scala/NFALUTest.scala[0m
2022.04.09 22:38:25 WARN  no build target for: /home/almas/Videos/fpu_rv32/src/test/scala/NFALUTest.scala[0m
Apr 09, 2022 10:39:10 PM org.eclipse.lsp4j.jsonrpc.RemoteEndpoint handleCancellation
WARNING: Unmatched cancel notification for request id 428
2022.04.09 22:39:59 WARN  no build target for: /home/almas/Videos/fpu_rv32/src/main/scala/NFALU.scala[0m
Apr 09, 2022 10:40:00 PM org.eclipse.lsp4j.jsonrpc.RemoteEndpoint handleCancellation
WARNING: Unmatched cancel notification for request id 473
2022.04.09 22:40:33 WARN  no build target for: /home/almas/Videos/fpu_rv32/src/test/scala/NFALUTest.scala[0m
Apr 09, 2022 10:41:00 PM org.eclipse.lsp4j.jsonrpc.RemoteEndpoint handleCancellation
WARNING: Unmatched cancel notification for request id 511
2022.04.09 22:41:13 WARN  no build target for: /home/almas/Videos/fpu_rv32/src/main/scala/NFALU.scala[0m
Apr 09, 2022 10:41:33 PM org.eclipse.lsp4j.jsonrpc.RemoteEndpoint handleCancellation
WARNING: Unmatched cancel notification for request id 552
2022.04.09 22:42:19 WARN  no build target for: /home/almas/Videos/fpu_rv32/src/test/scala/NFALUTest.scala[0m
2022.04.09 22:43:22 WARN  no build target for: /home/almas/Videos/fpu_rv32/src/test/scala/NFALUTest.scala[0m
2022.04.09 22:47:03 WARN  no build target for: /home/almas/Videos/fpu_rv32/src/test/scala/NFALUTest.scala[0m
2022.04.09 22:47:12 WARN  no build target for: /home/almas/Videos/fpu_rv32/src/test/scala/NFALUTest.scala[0m
Apr 09, 2022 10:47:25 PM org.eclipse.lsp4j.jsonrpc.RemoteEndpoint handleCancellation
WARNING: Unmatched cancel notification for request id 690
2022.04.09 22:49:43 WARN  no build target for: /home/almas/Videos/fpu_rv32/src/main/scala/NFALU.scala[0m
2022.04.09 22:54:46 WARN  no build target for: /home/almas/Videos/fpu_rv32/src/main/scala/NFALU.scala[0m
Apr 09, 2022 10:55:37 PM org.eclipse.lsp4j.jsonrpc.RemoteEndpoint handleCancellation
WARNING: Unmatched cancel notification for request id 715
2022.04.09 22:55:39 WARN  no build target for: /home/almas/Videos/fpu_rv32/src/test/scala/NFALUTest.scala[0m
Apr 09, 2022 10:55:43 PM org.eclipse.lsp4j.jsonrpc.RemoteEndpoint handleCancellation
WARNING: Unmatched cancel notification for request id 724
2022.04.09 22:55:46 WARN  no build target for: /home/almas/Videos/fpu_rv32/src/main/scala/NFALU.scala[0m
Apr 09, 2022 10:55:52 PM org.eclipse.lsp4j.jsonrpc.RemoteEndpoint handleCancellation
WARNING: Unmatched cancel notification for request id 733
2022.04.09 22:56:34 WARN  no build target for: /home/almas/Videos/fpu_rv32/src/test/scala/NFALUTest.scala[0m
2022.04.09 22:57:35 WARN  no build target for: /home/almas/Videos/fpu_rv32/src/test/scala/NFALUTest.scala[0m
2022.04.09 22:57:47 WARN  no build target for: /home/almas/Videos/fpu_rv32/src/test/scala/NFALUTest.scala[0m
2022.04.09 22:58:59 WARN  no build target for: /home/almas/Videos/fpu_rv32/src/test/scala/NFALUTest.scala[0m
2022.04.09 22:59:40 WARN  no build target for: /home/almas/Videos/fpu_rv32/src/test/scala/NFALUTest.scala[0m
2022.04.09 22:59:47 WARN  no build target for: /home/almas/Videos/fpu_rv32/src/test/scala/NFALUTest.scala[0m
2022.04.09 23:00:33 WARN  no build target for: /home/almas/Videos/fpu_rv32/src/test/scala/NFALUTest.scala[0m
2022.04.09 23:01:17 WARN  no build target for: /home/almas/Videos/fpu_rv32/src/test/scala/NFALUTest.scala[0m
2022.04.09 23:01:21 WARN  no build target for: /home/almas/Videos/fpu_rv32/src/test/scala/NFALUTest.scala[0m
2022.04.09 23:01:43 WARN  no build target for: /home/almas/Videos/fpu_rv32/src/test/scala/NFALUTest.scala[0m
Apr 09, 2022 11:01:45 PM org.eclipse.lsp4j.jsonrpc.services.GenericEndpoint notify
INFO: Unsupported notification method: $/setTrace
Apr 09, 2022 11:05:46 PM org.eclipse.lsp4j.jsonrpc.RemoteEndpoint handleCancellation
WARNING: Unmatched cancel notification for request id 972
Apr 09, 2022 11:05:58 PM org.eclipse.lsp4j.jsonrpc.RemoteEndpoint handleCancellation
WARNING: Unmatched cancel notification for request id 977
Apr 09, 2022 11:06:08 PM org.eclipse.lsp4j.jsonrpc.RemoteEndpoint handleCancellation
WARNING: Unmatched cancel notification for request id 983
2022.04.09 23:06:15 WARN  no build target for: /home/almas/Videos/fpu_rv32/src/test/scala/NFALUTest.scala[0m
